<?xml version="1.0" encoding="UTF-8"?>
<testsuite xmlns:xsi="http://www.w3.org/2001/XMLSchema-instance" xsi:noNamespaceSchemaLocation="https://maven.apache.org/surefire/maven-surefire-plugin/xsd/surefire-test-report-3.0.xsd" version="3.0" name="com.perscholas.jenkins_pipeline.web_automation.IndexPageTest" time="0.839" tests="4" errors="0" skipped="3" failures="1">
  <properties>
    <property name="gopherProxySet" value="false"/>
    <property name="awt.toolkit" value="sun.lwawt.macosx.LWCToolkit"/>
    <property name="file.encoding.pkg" value="sun.io"/>
    <property name="java.specification.version" value="1.8"/>
    <property name="webdriver.chrome.driver" value="null/chromedriver"/>
    <property name="sun.cpu.isalist" value=""/>
    <property name="sun.jnu.encoding" value="UTF-8"/>
    <property name="java.class.path" value="/Users/Charlie/Documents/Programming/Per Scholas/ClassroomGitRepository/QEModule_Jenkins_Pipeline_Servlet_Selenium/QEModule_Jenkins_Pipeline_Servlet_Selenium/target/test-classes:/Users/Charlie/Documents/Programming/Per Scholas/ClassroomGitRepository/QEModule_Jenkins_Pipeline_Servlet_Selenium/QEModule_Jenkins_Pipeline_Servlet_Selenium/target/classes:/Users/Charlie/.m2/repository/org/seleniumhq/selenium/selenium-java/3.141.59/selenium-java-3.141.59.jar:/Users/Charlie/.m2/repository/org/seleniumhq/selenium/selenium-api/3.141.59/selenium-api-3.141.59.jar:/Users/Charlie/.m2/repository/org/seleniumhq/selenium/selenium-chrome-driver/3.141.59/selenium-chrome-driver-3.141.59.jar:/Users/Charlie/.m2/repository/org/seleniumhq/selenium/selenium-edge-driver/3.141.59/selenium-edge-driver-3.141.59.jar:/Users/Charlie/.m2/repository/org/seleniumhq/selenium/selenium-firefox-driver/3.141.59/selenium-firefox-driver-3.141.59.jar:/Users/Charlie/.m2/repository/org/seleniumhq/selenium/selenium-ie-driver/3.141.59/selenium-ie-driver-3.141.59.jar:/Users/Charlie/.m2/repository/org/seleniumhq/selenium/selenium-opera-driver/3.141.59/selenium-opera-driver-3.141.59.jar:/Users/Charlie/.m2/repository/org/seleniumhq/selenium/selenium-remote-driver/3.141.59/selenium-remote-driver-3.141.59.jar:/Users/Charlie/.m2/repository/org/seleniumhq/selenium/selenium-safari-driver/3.141.59/selenium-safari-driver-3.141.59.jar:/Users/Charlie/.m2/repository/org/seleniumhq/selenium/selenium-support/3.141.59/selenium-support-3.141.59.jar:/Users/Charlie/.m2/repository/net/bytebuddy/byte-buddy/1.8.15/byte-buddy-1.8.15.jar:/Users/Charlie/.m2/repository/org/apache/commons/commons-exec/1.3/commons-exec-1.3.jar:/Users/Charlie/.m2/repository/com/google/guava/guava/25.0-jre/guava-25.0-jre.jar:/Users/Charlie/.m2/repository/com/google/code/findbugs/jsr305/1.3.9/jsr305-1.3.9.jar:/Users/Charlie/.m2/repository/org/checkerframework/checker-compat-qual/2.0.0/checker-compat-qual-2.0.0.jar:/Users/Charlie/.m2/repository/com/google/errorprone/error_prone_annotations/2.1.3/error_prone_annotations-2.1.3.jar:/Users/Charlie/.m2/repository/com/google/j2objc/j2objc-annotations/1.1/j2objc-annotations-1.1.jar:/Users/Charlie/.m2/repository/org/codehaus/mojo/animal-sniffer-annotations/1.14/animal-sniffer-annotations-1.14.jar:/Users/Charlie/.m2/repository/com/squareup/okhttp3/okhttp/3.11.0/okhttp-3.11.0.jar:/Users/Charlie/.m2/repository/com/squareup/okio/okio/1.14.0/okio-1.14.0.jar:/Users/Charlie/.m2/repository/org/testng/testng/7.1.0/testng-7.1.0.jar:/Users/Charlie/.m2/repository/com/beust/jcommander/1.72/jcommander-1.72.jar:/Users/Charlie/.m2/repository/com/google/inject/guice/4.1.0/guice-4.1.0-no_aop.jar:/Users/Charlie/.m2/repository/javax/inject/javax.inject/1/javax.inject-1.jar:/Users/Charlie/.m2/repository/aopalliance/aopalliance/1.0/aopalliance-1.0.jar:/Users/Charlie/.m2/repository/org/yaml/snakeyaml/1.21/snakeyaml-1.21.jar:/Users/Charlie/.m2/repository/javax/servlet/javax.servlet-api/4.0.1/javax.servlet-api-4.0.1.jar:"/>
    <property name="java.vm.vendor" value="Oracle Corporation"/>
    <property name="sun.arch.data.model" value="64"/>
    <property name="java.vendor.url" value="http://java.oracle.com/"/>
    <property name="user.timezone" value="America/Chicago"/>
    <property name="java.vm.specification.version" value="1.8"/>
    <property name="os.name" value="Mac OS X"/>
    <property name="user.country" value="US"/>
    <property name="sun.java.launcher" value="SUN_STANDARD"/>
    <property name="sun.boot.library.path" value="/Library/Java/JavaVirtualMachines/jdk1.8.0_202.jdk/Contents/Home/jre/lib"/>
    <property name="sun.java.command" value="/Users/Charlie/Documents/Programming/Per Scholas/ClassroomGitRepository/QEModule_Jenkins_Pipeline_Servlet_Selenium/QEModule_Jenkins_Pipeline_Servlet_Selenium/target/surefire/surefirebooter4001352204880900612.jar /Users/Charlie/Documents/Programming/Per Scholas/ClassroomGitRepository/QEModule_Jenkins_Pipeline_Servlet_Selenium/QEModule_Jenkins_Pipeline_Servlet_Selenium/target/surefire 2020-05-28T14-14-34_803-jvmRun1 surefire784597643399491122tmp surefire_08764826283915074362tmp"/>
    <property name="http.nonProxyHosts" value="local|*.local|169.254/16|*.169.254/16"/>
    <property name="surefire.test.class.path" value="/Users/Charlie/Documents/Programming/Per Scholas/ClassroomGitRepository/QEModule_Jenkins_Pipeline_Servlet_Selenium/QEModule_Jenkins_Pipeline_Servlet_Selenium/target/test-classes:/Users/Charlie/Documents/Programming/Per Scholas/ClassroomGitRepository/QEModule_Jenkins_Pipeline_Servlet_Selenium/QEModule_Jenkins_Pipeline_Servlet_Selenium/target/classes:/Users/Charlie/.m2/repository/org/seleniumhq/selenium/selenium-java/3.141.59/selenium-java-3.141.59.jar:/Users/Charlie/.m2/repository/org/seleniumhq/selenium/selenium-api/3.141.59/selenium-api-3.141.59.jar:/Users/Charlie/.m2/repository/org/seleniumhq/selenium/selenium-chrome-driver/3.141.59/selenium-chrome-driver-3.141.59.jar:/Users/Charlie/.m2/repository/org/seleniumhq/selenium/selenium-edge-driver/3.141.59/selenium-edge-driver-3.141.59.jar:/Users/Charlie/.m2/repository/org/seleniumhq/selenium/selenium-firefox-driver/3.141.59/selenium-firefox-driver-3.141.59.jar:/Users/Charlie/.m2/repository/org/seleniumhq/selenium/selenium-ie-driver/3.141.59/selenium-ie-driver-3.141.59.jar:/Users/Charlie/.m2/repository/org/seleniumhq/selenium/selenium-opera-driver/3.141.59/selenium-opera-driver-3.141.59.jar:/Users/Charlie/.m2/repository/org/seleniumhq/selenium/selenium-remote-driver/3.141.59/selenium-remote-driver-3.141.59.jar:/Users/Charlie/.m2/repository/org/seleniumhq/selenium/selenium-safari-driver/3.141.59/selenium-safari-driver-3.141.59.jar:/Users/Charlie/.m2/repository/org/seleniumhq/selenium/selenium-support/3.141.59/selenium-support-3.141.59.jar:/Users/Charlie/.m2/repository/net/bytebuddy/byte-buddy/1.8.15/byte-buddy-1.8.15.jar:/Users/Charlie/.m2/repository/org/apache/commons/commons-exec/1.3/commons-exec-1.3.jar:/Users/Charlie/.m2/repository/com/google/guava/guava/25.0-jre/guava-25.0-jre.jar:/Users/Charlie/.m2/repository/com/google/code/findbugs/jsr305/1.3.9/jsr305-1.3.9.jar:/Users/Charlie/.m2/repository/org/checkerframework/checker-compat-qual/2.0.0/checker-compat-qual-2.0.0.jar:/Users/Charlie/.m2/repository/com/google/errorprone/error_prone_annotations/2.1.3/error_prone_annotations-2.1.3.jar:/Users/Charlie/.m2/repository/com/google/j2objc/j2objc-annotations/1.1/j2objc-annotations-1.1.jar:/Users/Charlie/.m2/repository/org/codehaus/mojo/animal-sniffer-annotations/1.14/animal-sniffer-annotations-1.14.jar:/Users/Charlie/.m2/repository/com/squareup/okhttp3/okhttp/3.11.0/okhttp-3.11.0.jar:/Users/Charlie/.m2/repository/com/squareup/okio/okio/1.14.0/okio-1.14.0.jar:/Users/Charlie/.m2/repository/org/testng/testng/7.1.0/testng-7.1.0.jar:/Users/Charlie/.m2/repository/com/beust/jcommander/1.72/jcommander-1.72.jar:/Users/Charlie/.m2/repository/com/google/inject/guice/4.1.0/guice-4.1.0-no_aop.jar:/Users/Charlie/.m2/repository/javax/inject/javax.inject/1/javax.inject-1.jar:/Users/Charlie/.m2/repository/aopalliance/aopalliance/1.0/aopalliance-1.0.jar:/Users/Charlie/.m2/repository/org/yaml/snakeyaml/1.21/snakeyaml-1.21.jar:/Users/Charlie/.m2/repository/javax/servlet/javax.servlet-api/4.0.1/javax.servlet-api-4.0.1.jar:"/>
    <property name="sun.cpu.endian" value="little"/>
    <property name="user.home" value="/Users/Charlie"/>
    <property name="user.language" value="en"/>
    <property name="java.specification.vendor" value="Oracle Corporation"/>
    <property name="java.home" value="/Library/Java/JavaVirtualMachines/jdk1.8.0_202.jdk/Contents/Home/jre"/>
    <property name="basedir" value="/Users/Charlie/Documents/Programming/Per Scholas/ClassroomGitRepository/QEModule_Jenkins_Pipeline_Servlet_Selenium/QEModule_Jenkins_Pipeline_Servlet_Selenium"/>
    <property name="file.separator" value="/"/>
    <property name="line.separator" value="&#10;"/>
    <property name="java.vm.specification.vendor" value="Oracle Corporation"/>
    <property name="java.specification.name" value="Java Platform API Specification"/>
    <property name="java.awt.graphicsenv" value="sun.awt.CGraphicsEnvironment"/>
    <property name="surefire.real.class.path" value="/Users/Charlie/Documents/Programming/Per Scholas/ClassroomGitRepository/QEModule_Jenkins_Pipeline_Servlet_Selenium/QEModule_Jenkins_Pipeline_Servlet_Selenium/target/surefire/surefirebooter4001352204880900612.jar"/>
    <property name="sun.boot.class.path" value="/Library/Java/JavaVirtualMachines/jdk1.8.0_202.jdk/Contents/Home/jre/lib/resources.jar:/Library/Java/JavaVirtualMachines/jdk1.8.0_202.jdk/Contents/Home/jre/lib/rt.jar:/Library/Java/JavaVirtualMachines/jdk1.8.0_202.jdk/Contents/Home/jre/lib/sunrsasign.jar:/Library/Java/JavaVirtualMachines/jdk1.8.0_202.jdk/Contents/Home/jre/lib/jsse.jar:/Library/Java/JavaVirtualMachines/jdk1.8.0_202.jdk/Contents/Home/jre/lib/jce.jar:/Library/Java/JavaVirtualMachines/jdk1.8.0_202.jdk/Contents/Home/jre/lib/charsets.jar:/Library/Java/JavaVirtualMachines/jdk1.8.0_202.jdk/Contents/Home/jre/lib/jfr.jar:/Library/Java/JavaVirtualMachines/jdk1.8.0_202.jdk/Contents/Home/jre/classes"/>
    <property name="sun.management.compiler" value="HotSpot 64-Bit Tiered Compilers"/>
    <property name="ftp.nonProxyHosts" value="local|*.local|169.254/16|*.169.254/16"/>
    <property name="java.runtime.version" value="1.8.0_202-b08"/>
    <property name="user.name" value="Charlie"/>
    <property name="path.separator" value=":"/>
    <property name="os.version" value="10.15.4"/>
    <property name="java.endorsed.dirs" value="/Library/Java/JavaVirtualMachines/jdk1.8.0_202.jdk/Contents/Home/jre/lib/endorsed"/>
    <property name="java.runtime.name" value="Java(TM) SE Runtime Environment"/>
    <property name="file.encoding" value="UTF-8"/>
    <property name="java.vm.name" value="Java HotSpot(TM) 64-Bit Server VM"/>
    <property name="localRepository" value="/Users/Charlie/.m2/repository"/>
    <property name="java.vendor.url.bug" value="http://bugreport.sun.com/bugreport/"/>
    <property name="java.io.tmpdir" value="/var/folders/8m/xyqy0kn11f96b8431_21hkmc0000gn/T/"/>
    <property name="java.version" value="1.8.0_202"/>
    <property name="user.dir" value="/Users/Charlie/Documents/Programming/Per Scholas/ClassroomGitRepository/QEModule_Jenkins_Pipeline_Servlet_Selenium/QEModule_Jenkins_Pipeline_Servlet_Selenium"/>
    <property name="os.arch" value="x86_64"/>
    <property name="java.vm.specification.name" value="Java Virtual Machine Specification"/>
    <property name="java.awt.printerjob" value="sun.lwawt.macosx.CPrinterJob"/>
    <property name="sun.os.patch.level" value="unknown"/>
    <property name="java.library.path" value="/Users/Charlie/Library/Java/Extensions:/Library/Java/Extensions:/Network/Library/Java/Extensions:/System/Library/Java/Extensions:/usr/lib/java:."/>
    <property name="java.vm.info" value="mixed mode"/>
    <property name="java.vendor" value="Oracle Corporation"/>
    <property name="java.vm.version" value="25.202-b08"/>
    <property name="java.ext.dirs" value="/Users/Charlie/Library/Java/Extensions:/Library/Java/JavaVirtualMachines/jdk1.8.0_202.jdk/Contents/Home/jre/lib/ext:/Library/Java/Extensions:/Network/Library/Java/Extensions:/System/Library/Java/Extensions:/usr/lib/java"/>
    <property name="sun.io.unicode.encoding" value="UnicodeBig"/>
    <property name="java.class.version" value="52.0"/>
    <property name="socksNonProxyHosts" value="local|*.local|169.254/16|*.169.254/16"/>
  </properties>
  <testcase name="setUp" classname="com.perscholas.jenkins_pipeline.web_automation.IndexPageTest" time="0.487">
    <failure message="The driver executable does not exist: /Users/Charlie/Documents/Programming/Per Scholas/ClassroomGitRepository/QEModule_Jenkins_Pipeline_Servlet_Selenium/QEModule_Jenkins_Pipeline_Servlet_Selenium/null/chromedriver" type="java.lang.IllegalStateException"><![CDATA[java.lang.IllegalStateException: The driver executable does not exist: /Users/Charlie/Documents/Programming/Per Scholas/ClassroomGitRepository/QEModule_Jenkins_Pipeline_Servlet_Selenium/QEModule_Jenkins_Pipeline_Servlet_Selenium/null/chromedriver
	at com.perscholas.jenkins_pipeline.web_automation.IndexPageTest.setUp(IndexPageTest.java:28)
]]></failure>
  </testcase>
  <testcase name="testH2Element" classname="com.perscholas.jenkins_pipeline.web_automation.IndexPageTest" time="0">
    <skipped message="The driver executable does not exist: /Users/Charlie/Documents/Programming/Per Scholas/ClassroomGitRepository/QEModule_Jenkins_Pipeline_Servlet_Selenium/QEModule_Jenkins_Pipeline_Servlet_Selenium/null/chromedriver"/>
  </testcase>
  <testcase name="testIndexPageTitle" classname="com.perscholas.jenkins_pipeline.web_automation.IndexPageTest" time="0">
    <skipped message="The driver executable does not exist: /Users/Charlie/Documents/Programming/Per Scholas/ClassroomGitRepository/QEModule_Jenkins_Pipeline_Servlet_Selenium/QEModule_Jenkins_Pipeline_Servlet_Selenium/null/chromedriver"/>
  </testcase>
  <testcase name="shutDown" classname="com.perscholas.jenkins_pipeline.web_automation.IndexPageTest" time="0">
    <skipped/>
  </testcase>
</testsuite>