<?xml version="1.0" encoding="UTF-8"?>
<!-- Generated by org.testng.reporters.JUnitReportReporter -->
<testsuite skipped="0" hostname="Charlies-MBP.home" name="com.perscholas.jenkins_pipeline.unit_tests.UnitTest02" tests="2" failures="0" timestamp="2020-05-28T15:42:38 CDT" time="0.024" errors="0">
  <testcase name="unitTest02Method01" time="0.017" classname="com.perscholas.jenkins_pipeline.unit_tests.UnitTest02"/>
  <system-out/>
  <testcase name="unitTest02Method02" time="0.007" classname="com.perscholas.jenkins_pipeline.unit_tests.UnitTest02"/>
  <system-out/>
</testsuite> <!-- com.perscholas.jenkins_pipeline.unit_tests.UnitTest02 -->
