<?xml version="1.0" encoding="UTF-8"?>
<!-- Generated by org.testng.reporters.JUnitReportReporter -->
<testsuite skipped="0" hostname="Charlies-MBP.home" name="com.perscholas.jenkins_pipeline.unit_tests.UnitTest01" tests="2" failures="0" timestamp="2020-05-28T15:42:31 CDT" time="0.020" errors="0">
  <testcase name="unitTest01Method01" time="0.013" classname="com.perscholas.jenkins_pipeline.unit_tests.UnitTest01"/>
  <system-out/>
  <testcase name="unitTest01Method02" time="0.007" classname="com.perscholas.jenkins_pipeline.unit_tests.UnitTest01"/>
  <system-out/>
</testsuite> <!-- com.perscholas.jenkins_pipeline.unit_tests.UnitTest01 -->
