<?xml version="1.0" encoding="UTF-8"?>
<!-- Generated by org.testng.reporters.JUnitReportReporter -->
<testsuite skipped="0" hostname="Charlies-MBP.home" name="com.perscholas.jenkins_pipeline.web_automation.IndexPageTest" tests="2" failures="0" timestamp="2020-05-18T13:21:13 CDT" time="0.088" errors="0">
  <testcase name="testH2Element" time="0.071" classname="com.perscholas.jenkins_pipeline.web_automation.IndexPageTest"/>
  <system-out/>
  <testcase name="testIndexPageTitle" time="0.017" classname="com.perscholas.jenkins_pipeline.web_automation.IndexPageTest"/>
  <system-out/>
</testsuite> <!-- com.perscholas.jenkins_pipeline.web_automation.IndexPageTest -->
